Arguments: 
  /Users/jessica.ryan/.nvm/versions/node/v8.10.0/bin/node /Users/jessica.ryan/.nvm/versions/node/v8.10.0/bin/yarn add -D @types/react @types/react-dom

PATH: 
  /Users/jessica.ryan/.nvm/versions/node/v8.10.0/bin:/Users/jessica.ryan/bin:/usr/local/bin:/Users/jessica.ryan/Library/Android/sdk:/Users/jessica.ryan/Library/Android/sdk/tools:/Users/jessica.ryan/Library/Android/sdk/platform-tools:/Library/Frameworks/Python.framework/Versions/3.6/bin:/usr/local/bin:/usr/bin:/bin:/usr/sbin:/sbin:/usr/local/go/bin:/usr/local/opt/fzf/bin

Yarn version: 
  1.12.3

Node version: 
  8.10.0

Platform: 
  darwin x64

Trace: 
  SyntaxError: /Users/jessica.ryan/source/personal/movie-db-search/package.json: Unexpected token } in JSON at position 1171
      at JSON.parse (<anonymous>)
      at /Users/jessica.ryan/.nvm/versions/node/v8.10.0/lib/node_modules/yarn/lib/cli.js:1631:59
      at Generator.next (<anonymous>)
      at step (/Users/jessica.ryan/.nvm/versions/node/v8.10.0/lib/node_modules/yarn/lib/cli.js:304:30)
      at /Users/jessica.ryan/.nvm/versions/node/v8.10.0/lib/node_modules/yarn/lib/cli.js:315:13
      at <anonymous>

npm manifest: 
  {
    "name": "movie-db-search",
    "version": "1.0.0",
    "description": "A React UI to search The Movie DB",
    "main": "index.js",
    "scripts": {
      "start": "parcel index.html",
      "build": "parcel build index.html",
      "lint": "tslint -c tslint.json 'src/**/*.+(ts|tsx)'",
      "test": "jest",
      "test:watch": "jest --watch"
    },
    "repository": {
      "type": "git",
      "url": "git+https://github.com/JKRy/movie-db-search.git"
    },
    "author": "Jessica Ryan",
    "license": "ISC",
    "bugs": {
      "url": "https://github.com/JKRy/movie-db-search/issues"
    },
    "homepage": "https://github.com/JKRy/movie-db-search#readme",
    "jest": {
      "moduleFileExtensions": [
        "ts",
        "tsx",
        "js"
      ],
      "transform": {
        "^.+\\.(ts|tsx)$": "ts-jest"
      },
      "globals": {
        "ts-jest": {
          "tsConfigFile": "tsconfig.json"
        }
      },
      "setupTestFrameworkScriptFile": "<rootDir>/src/setupTests.ts",
      "testMatch": [
        "**/**/*.test.(ts|tsx|js)"
      ],
      "moduleNameMapper": {
        "\\.(scss)$": "identity-obj-proxy",
        "\\.(png)$": "<rootDir>/src/__mocks__/fileMock.ts"
      }
    },
    "dependencies": {
      "axios": "^0.18.0",
    },
    "devDependencies": {
      "@types/enzyme": "^3.1.13",
      "@types/jest": "^23.3.1",
      "babel-preset-env": "^1.7.0",
      "babel-preset-react": "^6.24.1",
      "enzyme": "^3.5.0",
      "enzyme-adapter-react-16": "^1.3.0",
      "identity-obj-proxy": "^3.0.0",
      "jest": "^23.5.0",
      "node-sass": "^4.9.3",
      "parcel-bundler": "^1.9.7",
      "postcss-modules": "^1.3.2",
      "ts-jest": "^23.1.4",
      "tslint": "^5.11.0",
      "tslint-config-airbnb": "^5.10.0",
      "tslint-eslint-rules": "^5.4.0",
      "typescript": "^3.0.1"
    }
  }

yarn manifest: 
  No manifest

Lockfile: 
  No lockfile
